[1] "/home/projects/cu_10039/data/UKBB/phenotypeFn/ukb47768.tab"
[1] "/home/projects/cu_10039/data/UKBB/phenotypeFn/ukb47768.html"
[1] "FALSE"
[1] "/home/projects/cu_10039/data/UKBB/phenotypeFn/ukb49511.all_fields.h5"
[1] "running script addUkbFieldsToH5.R"
[1] "Created field: f.23151"
[1] "Created field: f.23152"
[1] "Created field: f.23153"
[1] "Created field: f.23154"
[1] "Created field: f.23155"
[1] "Created field: f.23156"
[1] "Created field: f.23176"
[1] "Created field: f.23177"
[1] "Created field: f.23178"
[1] "Created field: f.23179"
[1] "completed writting all fields in /home/projects/cu_10039/data/UKBB/phenotypeFn/ukb49511.all_fields.h5"
[1] "Data from  /home/projects/cu_10039/data/UKBB/phenotypeFn/ukb47768.tab added to: /home/projects/cu_10039/data/UKBB/phenotypeFn/ukb49511.all_fields.h5"
[1] "/home/projects/cu_10039/data/UKBB/phenotypeFn/ukb50474.tab"
[1] "/home/projects/cu_10039/data/UKBB/phenotypeFn/ukb50474.html"
[1] "FALSE"
[1] "/home/projects/cu_10039/data/UKBB/phenotypeFn/ukb49511.all_fields.h5"
[1] "running script addUkbFieldsToH5.R"
[1] "Created field: f.22032"
[1] "Created field: f.22033"
[1] "Created field: f.22034"
[1] "Created field: f.22035"
[1] "Created field: f.22036"
[1] "Created field: f.22037"
[1] "Created field: f.22038"
[1] "Created field: f.22039"
[1] "Created field: f.22040"
[1] "completed writting all fields in /home/projects/cu_10039/data/UKBB/phenotypeFn/ukb49511.all_fields.h5"
[1] "Data from  /home/projects/cu_10039/data/UKBB/phenotypeFn/ukb50474.tab added to: /home/projects/cu_10039/data/UKBB/phenotypeFn/ukb49511.all_fields.h5"
