========================================================================
BeeOND mounts, if requested
[1] "/home/projects/cu_10039/data/UKBB/phenotypeFn/tmp.tab"
[1] "/home/projects/cu_10039/data/UKBB/phenotypeFn/ukb45051.html"
[1] "TRUE"
[1] "None"
[1] "Running script makeUkbAllFieldsH5.R"
[1] "Tue Feb 16 11:45:57 2021"
[1] "created h5 file:  /home/projects/cu_10039/data/UKBB/phenotypeFn/tmp.all_fields.h5"
[1] "Created field: f.3"
[1] "Created field: f.4"
[1] "Created field: f.5"
[1] "Created field: f.6"
[1] "Created field: f.19"
[1] "Created field: f.21"
[1] "Created field: f.23"
[1] "Created field: f.31"
[1] "Created field: f.34"
[1] "Created field: f.35"
[1] "Created field: f.36"
[1] "Created field: f.37"
[1] "Created field: f.38"
[1] "Created field: f.39"
[1] "Created field: f.40"
[1] "Created field: f.41"
[1] "Created field: f.42"
[1] "Created field: f.43"
[1] "Created field: f.44"
[1] "Created field: f.45"
[1] "Created field: f.46"
[1] "Created field: f.47"
[1] "Created field: f.48"
[1] "Created field: f.49"
[1] "Created field: f.50"
[1] "Created field: f.51"
[1] "Created field: f.52"
[1] "Created field: f.53"
[1] "Created field: f.54"
[1] "Created field: f.55"
[1] "Created field: f.62"
[1] "Created field: f.68"
[1] "Created field: f.74"
[1] "Created field: f.77"
[1] "Created field: f.78"
[1] "Created field: f.84"
[1] "Created field: f.87"
[1] "completed writting all fields in /home/projects/cu_10039/data/UKBB/phenotypeFn/tmp.all_fields.h5"
[1] "H5 file  /home/projects/cu_10039/data/UKBB/phenotypeFn/tmp.all_fields.h5 created"
